<?xml version="1.0" encoding="UTF-8"?>
<testsuite name="lang.ParseTests" tests="4" skipped="0" failures="0" errors="0" timestamp="2020-09-03T09:33:33" hostname="Lucas.local" time="0.048">
  <properties/>
  <testcase name="shortestCorrectProgram" classname="lang.ParseTests" time="0.029"/>
  <testcase name="allLanguageConstructs" classname="lang.ParseTests" time="0.006"/>
  <testcase name="parsingError" classname="lang.ParseTests" time="0.004"/>
  <testcase name="scanningError" classname="lang.ParseTests" time="0.003"/>
  <system-out><![CDATA[]]></system-out>
  <system-err><![CDATA[]]></system-err>
</testsuite>
