<?xml version="1.0" encoding="UTF-8"?>
<testsuite name="lang.ParseTests" tests="8" skipped="0" failures="0" errors="0" timestamp="2020-09-03T09:45:10" hostname="Jonathans-MacBook-Pro.local" time="0.03">
  <properties/>
  <testcase name="integerError1" classname="lang.ParseTests" time="0.02"/>
  <testcase name="integerError2" classname="lang.ParseTests" time="0.001"/>
  <testcase name="shortestCorrectProgram" classname="lang.ParseTests" time="0.002"/>
  <testcase name="allLanguageConstructs" classname="lang.ParseTests" time="0.001"/>
  <testcase name="parsingError" classname="lang.ParseTests" time="0.001"/>
  <testcase name="integerCorrect1" classname="lang.ParseTests" time="0.0"/>
  <testcase name="integerCorrect2" classname="lang.ParseTests" time="0.0"/>
  <testcase name="scanningError" classname="lang.ParseTests" time="0.001"/>
  <system-out><![CDATA[]]></system-out>
  <system-err><![CDATA[]]></system-err>
</testsuite>
