<?xml version="1.0" encoding="UTF-8"?>
<testsuite name="lang.ParseTests" tests="8" skipped="0" failures="0" errors="0" timestamp="2020-09-03T08:56:32" hostname="Jonathans-MacBook-Pro.local" time="0.022">
  <properties/>
  <testcase name="identifier" classname="lang.ParseTests" time="0.013"/>
  <testcase name="error2" classname="lang.ParseTests" time="0.002"/>
  <testcase name="error3" classname="lang.ParseTests" time="0.001"/>
  <testcase name="product" classname="lang.ParseTests" time="0.001"/>
  <testcase name="let" classname="lang.ParseTests" time="0.001"/>
  <testcase name="error" classname="lang.ParseTests" time="0.001"/>
  <testcase name="numerical" classname="lang.ParseTests" time="0.001"/>
  <testcase name="letIndented" classname="lang.ParseTests" time="0.001"/>
  <system-out><![CDATA[]]></system-out>
  <system-err><![CDATA[]]></system-err>
</testsuite>
