<?xml version="1.0" encoding="UTF-8"?>
<testsuite name="lang.ParseTests" tests="53" skipped="0" failures="0" errors="0" timestamp="2020-09-17T14:36:27" hostname="Lucas.local" time="0.107">
  <properties/>
  <testcase name="variableDeclarationAndUsesError1" classname="lang.ParseTests" time="0.002"/>
  <testcase name="variableDeclarationAndUsesError2" classname="lang.ParseTests" time="0.003"/>
  <testcase name="negativeNumbers" classname="lang.ParseTests" time="0.002"/>
  <testcase name="declaration" classname="lang.ParseTests" time="0.001"/>
  <testcase name="functionIntEmpty" classname="lang.ParseTests" time="0.001"/>
  <testcase name="whileTest" classname="lang.ParseTests" time="0.002"/>
  <testcase name="repeatedMinus" classname="lang.ParseTests" time="0.002"/>
  <testcase name="errorFunctionBadOrder" classname="lang.ParseTests" time="0.001"/>
  <testcase name="emptyFunction" classname="lang.ParseTests" time="0.001"/>
  <testcase name="returnError" classname="lang.ParseTests" time="0.001"/>
  <testcase name="ifElse" classname="lang.ParseTests" time="0.001"/>
  <testcase name="ifOnly" classname="lang.ParseTests" time="0.002"/>
  <testcase name="ifReadEquals" classname="lang.ParseTests" time="0.002"/>
  <testcase name="functionCallStmtArgsError" classname="lang.ParseTests" time="0.001"/>
  <testcase name="functionCallTrailingComma" classname="lang.ParseTests" time="0.001"/>
  <testcase name="paren1" classname="lang.ParseTests" time="0.002"/>
  <testcase name="comment1" classname="lang.ParseTests" time="0.001"/>
  <testcase name="functionCallStmtArgs" classname="lang.ParseTests" time="0.001"/>
  <testcase name="comparators" classname="lang.ParseTests" time="0.002"/>
  <testcase name="variableDeclarationAndUses" classname="lang.ParseTests" time="0.002"/>
  <testcase name="errorFunctionString" classname="lang.ParseTests" time="0.001"/>
  <testcase name="functionCall" classname="lang.ParseTests" time="0.002"/>
  <testcase name="add1" classname="lang.ParseTests" time="0.002"/>
  <testcase name="add2" classname="lang.ParseTests" time="0.001"/>
  <testcase name="div1" classname="lang.ParseTests" time="0.003"/>
  <testcase name="div2" classname="lang.ParseTests" time="0.002"/>
  <testcase name="mod1" classname="lang.ParseTests" time="0.001"/>
  <testcase name="mod2" classname="lang.ParseTests" time="0.002"/>
  <testcase name="mul1" classname="lang.ParseTests" time="0.002"/>
  <testcase name="mul2" classname="lang.ParseTests" time="0.002"/>
  <testcase name="read" classname="lang.ParseTests" time="0.001"/>
  <testcase name="sub1" classname="lang.ParseTests" time="0.001"/>
  <testcase name="sub2" classname="lang.ParseTests" time="0.003"/>
  <testcase name="empty" classname="lang.ParseTests" time="0.002"/>
  <testcase name="print" classname="lang.ParseTests" time="0.001"/>
  <testcase name="unary" classname="lang.ParseTests" time="0.001"/>
  <testcase name="operations1" classname="lang.ParseTests" time="0.001"/>
  <testcase name="function2IntEmpty" classname="lang.ParseTests" time="0.001"/>
  <testcase name="comparatorsError" classname="lang.ParseTests" time="0.002"/>
  <testcase name="finalBoss" classname="lang.ParseTests" time="0.004"/>
  <testcase name="ifEquals" classname="lang.ParseTests" time="0.001"/>
  <testcase name="functionArgsCommaFirst" classname="lang.ParseTests" time="0.002"/>
  <testcase name="comment" classname="lang.ParseTests" time="0.001"/>
  <testcase name="assignTest" classname="lang.ParseTests" time="0.003"/>
  <testcase name="functionCallAsStatement" classname="lang.ParseTests" time="0.002"/>
  <testcase name="functionCallStmtArgsError2" classname="lang.ParseTests" time="0.003"/>
  <testcase name="functionCallStmtArgsError3" classname="lang.ParseTests" time="0.005"/>
  <testcase name="nestedIf" classname="lang.ParseTests" time="0.002"/>
  <testcase name="returnTest" classname="lang.ParseTests" time="0.001"/>
  <testcase name="functionCallBeginningComma" classname="lang.ParseTests" time="0.002"/>
  <testcase name="functionCallArgs" classname="lang.ParseTests" time="0.004"/>
  <testcase name="whileError" classname="lang.ParseTests" time="0.001"/>
  <testcase name="functionError" classname="lang.ParseTests" time="0.001"/>
  <system-out><![CDATA[]]></system-out>
  <system-err><![CDATA[]]></system-err>
</testsuite>
