<?xml version="1.0" encoding="UTF-8"?>
<testsuite name="lang.TestDumpTree" tests="3" skipped="0" failures="0" errors="0" timestamp="2020-09-14T07:45:18" hostname="Lucas.local" time="0.088">
  <properties/>
  <testcase name="runTest[declaration.in]" classname="lang.TestDumpTree" time="0.068"/>
  <testcase name="runTest[functionIntEmpty.in]" classname="lang.TestDumpTree" time="0.007"/>
  <testcase name="runTest[statements1.in]" classname="lang.TestDumpTree" time="0.01"/>
  <system-out><![CDATA[]]></system-out>
  <system-err><![CDATA[]]></system-err>
</testsuite>
