<?xml version="1.0" encoding="UTF-8"?>
<testsuite name="lang.ParseTests" tests="4" skipped="0" failures="0" errors="0" timestamp="2020-09-11T09:57:58" hostname="Jonathans-MacBook-Pro.local" time="0.009">
  <properties/>
  <testcase name="functionIntEmpty" classname="lang.ParseTests" time="0.001"/>
  <testcase name="errorFunctionBadOrder" classname="lang.ParseTests" time="0.003"/>
  <testcase name="errorFunctionString" classname="lang.ParseTests" time="0.001"/>
  <testcase name="function2IntEmpty" classname="lang.ParseTests" time="0.002"/>
  <system-out><![CDATA[]]></system-out>
  <system-err><![CDATA[]]></system-err>
</testsuite>
