<?xml version="1.0" encoding="UTF-8"?>
<testsuite name="lang.ParseTests" tests="7" skipped="0" failures="0" errors="0" timestamp="2020-09-10T06:58:05" hostname="Lucas.local" time="0.138">
  <properties/>
  <testcase name="identifier" classname="lang.ParseTests" time="0.054"/>
  <testcase name="error2" classname="lang.ParseTests" time="0.007"/>
  <testcase name="error3" classname="lang.ParseTests" time="0.031"/>
  <testcase name="product" classname="lang.ParseTests" time="0.012"/>
  <testcase name="let" classname="lang.ParseTests" time="0.01"/>
  <testcase name="error" classname="lang.ParseTests" time="0.003"/>
  <testcase name="numerical" classname="lang.ParseTests" time="0.005"/>
  <system-out><![CDATA[]]></system-out>
  <system-err><![CDATA[]]></system-err>
</testsuite>
