<?xml version="1.0" encoding="UTF-8"?>
<testsuite name="lang.TestDumpTree" tests="14" skipped="0" failures="0" errors="0" timestamp="2020-09-10T06:58:04" hostname="Lucas.local" time="0.49">
  <properties/>
  <testcase name="runTest[let1.in]" classname="lang.TestDumpTree" time="0.171"/>
  <testcase name="runTest[let4.in]" classname="lang.TestDumpTree" time="0.019"/>
  <testcase name="runTest[numerical.in]" classname="lang.TestDumpTree" time="0.005"/>
  <testcase name="runTest[ask3.in]" classname="lang.TestDumpTree" time="0.014"/>
  <testcase name="runTest[ask2.in]" classname="lang.TestDumpTree" time="0.022"/>
  <testcase name="runTest[identifier.in]" classname="lang.TestDumpTree" time="0.007"/>
  <testcase name="runTest[ask1.in]" classname="lang.TestDumpTree" time="0.014"/>
  <testcase name="runTest[example2.in]" classname="lang.TestDumpTree" time="0.113"/>
  <testcase name="runTest[ask4.in]" classname="lang.TestDumpTree" time="0.023"/>
  <testcase name="runTest[let.in]" classname="lang.TestDumpTree" time="0.008"/>
  <testcase name="runTest[example.in]" classname="lang.TestDumpTree" time="0.011"/>
  <testcase name="runTest[let3.in]" classname="lang.TestDumpTree" time="0.008"/>
  <testcase name="runTest[let2.in]" classname="lang.TestDumpTree" time="0.016"/>
  <testcase name="runTest[product.in]" classname="lang.TestDumpTree" time="0.005"/>
  <system-out><![CDATA[]]></system-out>
  <system-err><![CDATA[]]></system-err>
</testsuite>
