<?xml version="1.0" encoding="UTF-8"?>
<testsuite name="lang.ParseTests" tests="8" skipped="0" failures="0" errors="0" timestamp="2020-09-03T08:01:44" hostname="Jonathans-MacBook-Pro.local" time="0.125">
  <properties/>
  <testcase name="identifier" classname="lang.ParseTests" time="0.021"/>
  <testcase name="error2" classname="lang.ParseTests" time="0.007"/>
  <testcase name="error3" classname="lang.ParseTests" time="0.008"/>
  <testcase name="product" classname="lang.ParseTests" time="0.008"/>
  <testcase name="let" classname="lang.ParseTests" time="0.021"/>
  <testcase name="error" classname="lang.ParseTests" time="0.01"/>
  <testcase name="numerical" classname="lang.ParseTests" time="0.014"/>
  <testcase name="letIndented" classname="lang.ParseTests" time="0.01"/>
  <system-out><![CDATA[]]></system-out>
  <system-err><![CDATA[]]></system-err>
</testsuite>
